# JRE version: Java(TM) SE Runtime Environment (16.0+36) (build 16+36-2231)
# Java VM: Java HotSpot(TM) 64-Bit Server VM (16+36-2231, mixed mode, sharing, tiered, compressed oops, g1 gc, windows-amd64)
GC Precious Log:
 CPUs: 8 total, 8 available
 Memory: 7973M
 Large Page Support: Disabled
 NUMA Support: Disabled
 Compressed Oops: Enabled (32-bit)
 Heap Region Size: 1M
 Heap Min Capacity: 8M
 Heap Initial Capacity: 126M
 Heap Max Capacity: 1994M
 Pre-touch: Disabled
 Parallel Workers: 8
 Concurrent Workers: 2
 Concurrent Refinement Workers: 8
 Periodic GC: Disabled
Heap:
 garbage-first heap   total 65536K, used 41189K [0x0000000083600000, 0x0000000100000000)
  region size 1024K, 11 young (11264K), 2 survivors (2048K)
 Metaspace       used 69271K, committed 69760K, reserved 1114112K
  class space    used 9102K, committed 9344K, reserved 1048576K
GC Heap History (20 events):
Event: 6.698 GC heap before
{Heap before GC invocations=14 (full 0):
 garbage-first heap   total 65536K, used 24236K [0x0000000083600000, 0x0000000100000000)
  region size 1024K, 7 young (7168K), 2 survivors (2048K)
 Metaspace       used 35465K, committed 35776K, reserved 1081344K
  class space    used 4595K, committed 4736K, reserved 1048576K
}
Event: 6.699 GC heap after
{Heap after GC invocations=15 (full 0):
 garbage-first heap   total 65536K, used 20265K [0x0000000083600000, 0x0000000100000000)
  region size 1024K, 2 young (2048K), 2 survivors (2048K)
 Metaspace       used 35465K, committed 35776K, reserved 1081344K
  class space    used 4595K, committed 4736K, reserved 1048576K
}
Event: 7.642 GC heap before
{Heap before GC invocations=16 (full 0):
 garbage-first heap   total 65536K, used 50985K [0x0000000083600000, 0x0000000100000000)
  region size 1024K, 32 young (32768K), 2 survivors (2048K)
 Metaspace       used 42443K, committed 42816K, reserved 1089536K
  class space    used 5454K, committed 5632K, reserved 1048576K
}
Event: 7.645 GC heap after
{Heap after GC invocations=17 (full 0):
 garbage-first heap   total 65536K, used 23582K [0x0000000083600000, 0x0000000100000000)
  region size 1024K, 4 young (4096K), 4 survivors (4096K)
 Metaspace       used 42443K, committed 42816K, reserved 1089536K
  class space    used 5454K, committed 5632K, reserved 1048576K
}
Event: 8.797 GC heap before
{Heap before GC invocations=17 (full 0):
 garbage-first heap   total 65536K, used 51230K [0x0000000083600000, 0x0000000100000000)
  region size 1024K, 31 young (31744K), 4 survivors (4096K)
 Metaspace       used 48797K, committed 49216K, reserved 1097728K
  class space    used 6518K, committed 6720K, reserved 1048576K
}
Event: 8.801 GC heap after
{Heap after GC invocations=18 (full 0):
 garbage-first heap   total 65536K, used 24994K [0x0000000083600000, 0x0000000100000000)
  region size 1024K, 2 young (2048K), 2 survivors (2048K)
 Metaspace       used 48797K, committed 49216K, reserved 1097728K
  class space    used 6518K, committed 6720K, reserved 1048576K
}
Event: 9.818 GC heap before
{Heap before GC invocations=18 (full 0):
 garbage-first heap   total 65536K, used 49570K [0x0000000083600000, 0x0000000100000000)
  region size 1024K, 27 young (27648K), 2 survivors (2048K)
 Metaspace       used 53792K, committed 54144K, reserved 1097728K
  class space    used 7331K, committed 7488K, reserved 1048576K
}
Event: 9.823 GC heap after
{Heap after GC invocations=19 (full 0):
 garbage-first heap   total 65536K, used 26268K [0x0000000083600000, 0x0000000100000000)
  region size 1024K, 3 young (3072K), 3 survivors (3072K)
 Metaspace       used 53792K, committed 54144K, reserved 1097728K
  class space    used 7331K, committed 7488K, reserved 1048576K
}
Event: 10.238 GC heap before
{Heap before GC invocations=19 (full 0):
 garbage-first heap   total 65536K, used 50844K [0x0000000083600000, 0x0000000100000000)
  region size 1024K, 28 young (28672K), 3 survivors (3072K)
 Metaspace       used 56674K, committed 57024K, reserved 1105920K
  class space    used 7702K, committed 7872K, reserved 1048576K
}
Event: 10.242 GC heap after
{Heap after GC invocations=20 (full 0):
 garbage-first heap   total 65536K, used 27871K [0x0000000083600000, 0x0000000100000000)
  region size 1024K, 3 young (3072K), 3 survivors (3072K)
 Metaspace       used 56674K, committed 57024K, reserved 1105920K
  class space    used 7702K, committed 7872K, reserved 1048576K
}
Event: 10.735 GC heap before
{Heap before GC invocations=20 (full 0):
 garbage-first heap   total 65536K, used 47327K [0x0000000083600000, 0x0000000100000000)
  region size 1024K, 23 young (23552K), 3 survivors (3072K)
 Metaspace       used 59709K, committed 60096K, reserved 1105920K
  class space    used 8141K, committed 8384K, reserved 1048576K
}
Event: 10.740 GC heap after
{Heap after GC invocations=21 (full 0):
 garbage-first heap   total 65536K, used 29735K [0x0000000083600000, 0x0000000100000000)
  region size 1024K, 4 young (4096K), 4 survivors (4096K)
 Metaspace       used 59709K, committed 60096K, reserved 1105920K
  class space    used 8141K, committed 8384K, reserved 1048576K
}
Event: 11.346 GC heap before
{Heap before GC invocations=22 (full 0):
 garbage-first heap   total 65536K, used 52263K [0x0000000083600000, 0x0000000100000000)
  region size 1024K, 26 young (26624K), 4 survivors (4096K)
 Metaspace       used 62520K, committed 62976K, reserved 1105920K
  class space    used 8531K, committed 8768K, reserved 1048576K
}
Event: 11.350 GC heap after
{Heap after GC invocations=23 (full 0):
 garbage-first heap   total 65536K, used 31981K [0x0000000083600000, 0x0000000100000000)
  region size 1024K, 4 young (4096K), 4 survivors (4096K)
 Metaspace       used 62520K, committed 62976K, reserved 1105920K
  class space    used 8531K, committed 8768K, reserved 1048576K
}
Event: 12.253 GC heap before
{Heap before GC invocations=23 (full 0):
 garbage-first heap   total 65536K, used 51437K [0x0000000083600000, 0x0000000100000000)
  region size 1024K, 24 young (24576K), 4 survivors (4096K)
 Metaspace       used 67502K, committed 67968K, reserved 1114112K
  class space    used 9096K, committed 9344K, reserved 1048576K
}
Event: 12.260 GC heap after
{Heap after GC invocations=24 (full 0):
 garbage-first heap   total 65536K, used 33372K [0x0000000083600000, 0x0000000100000000)
  region size 1024K, 2 young (2048K), 2 survivors (2048K)
 Metaspace       used 67502K, committed 67968K, reserved 1114112K
  class space    used 9096K, committed 9344K, reserved 1048576K
}
Event: 15.346 GC heap before
{Heap before GC invocations=24 (full 0):
 garbage-first heap   total 65536K, used 52828K [0x0000000083600000, 0x0000000100000000)
  region size 1024K, 21 young (21504K), 2 survivors (2048K)
 Metaspace       used 68591K, committed 68992K, reserved 1114112K
  class space    used 9102K, committed 9344K, reserved 1048576K
}
Event: 15.348 GC heap after
{Heap after GC invocations=25 (full 0):
 garbage-first heap   total 65536K, used 33170K [0x0000000083600000, 0x0000000100000000)
  region size 1024K, 2 young (2048K), 2 survivors (2048K)
 Metaspace       used 68591K, committed 68992K, reserved 1114112K
  class space    used 9102K, committed 9344K, reserved 1048576K
}
Event: 17.987 GC heap before
{Heap before GC invocations=26 (full 0):
 garbage-first heap   total 65536K, used 52626K [0x0000000083600000, 0x0000000100000000)
  region size 1024K, 21 young (21504K), 2 survivors (2048K)
 Metaspace       used 69027K, committed 69440K, reserved 1114112K
  class space    used 9102K, committed 9344K, reserved 1048576K
}
Event: 17.991 GC heap after
{Heap after GC invocations=27 (full 0):
 garbage-first heap   total 65536K, used 32997K [0x0000000083600000, 0x0000000100000000)
  region size 1024K, 2 young (2048K), 2 survivors (2048K)
 Metaspace       used 69027K, committed 69440K, reserved 1114112K
  class space    used 9102K, committed 9344K, reserved 1048576K
}

