# JRE version: Java(TM) SE Runtime Environment (16.0+36) (build 16+36-2231)
# Java VM: Java HotSpot(TM) 64-Bit Server VM (16+36-2231, mixed mode, sharing, tiered, compressed oops, g1 gc, windows-amd64)
GC Precious Log:
 CPUs: 8 total, 8 available
 Memory: 7973M
 Large Page Support: Disabled
 NUMA Support: Disabled
 Compressed Oops: Enabled (32-bit)
 Heap Region Size: 1M
 Heap Min Capacity: 8M
 Heap Initial Capacity: 126M
 Heap Max Capacity: 1994M
 Pre-touch: Disabled
 Parallel Workers: 8
 Concurrent Workers: 2
 Concurrent Refinement Workers: 8
 Periodic GC: Disabled
Heap:
 garbage-first heap   total 75776K, used 53366K [0x0000000083600000, 0x0000000100000000)
  region size 1024K, 21 young (21504K), 1 survivors (1024K)
 Metaspace       used 74701K, committed 75200K, reserved 1122304K
  class space    used 9601K, committed 9856K, reserved 1048576K
GC Heap History (20 events):
Event: 2695.644 GC heap before
{Heap before GC invocations=40 (full 0):
 garbage-first heap   total 75776K, used 65556K [0x0000000083600000, 0x0000000100000000)
  region size 1024K, 32 young (32768K), 1 survivors (1024K)
 Metaspace       used 74693K, committed 75136K, reserved 1122304K
  class space    used 9600K, committed 9856K, reserved 1048576K
}
Event: 2695.647 GC heap after
{Heap after GC invocations=41 (full 0):
 garbage-first heap   total 75776K, used 33819K [0x0000000083600000, 0x0000000100000000)
  region size 1024K, 1 young (1024K), 1 survivors (1024K)
 Metaspace       used 74693K, committed 75136K, reserved 1122304K
  class space    used 9600K, committed 9856K, reserved 1048576K
}
Event: 2701.160 GC heap before
{Heap before GC invocations=41 (full 0):
 garbage-first heap   total 75776K, used 65563K [0x0000000083600000, 0x0000000100000000)
  region size 1024K, 32 young (32768K), 1 survivors (1024K)
 Metaspace       used 74694K, committed 75136K, reserved 1122304K
  class space    used 9600K, committed 9856K, reserved 1048576K
}
Event: 2701.164 GC heap after
{Heap after GC invocations=42 (full 0):
 garbage-first heap   total 75776K, used 33847K [0x0000000083600000, 0x0000000100000000)
  region size 1024K, 1 young (1024K), 1 survivors (1024K)
 Metaspace       used 74694K, committed 75136K, reserved 1122304K
  class space    used 9600K, committed 9856K, reserved 1048576K
}
Event: 2704.371 GC heap before
{Heap before GC invocations=42 (full 0):
 garbage-first heap   total 75776K, used 65591K [0x0000000083600000, 0x0000000100000000)
  region size 1024K, 32 young (32768K), 1 survivors (1024K)
 Metaspace       used 74694K, committed 75136K, reserved 1122304K
  class space    used 9600K, committed 9856K, reserved 1048576K
}
Event: 2704.373 GC heap after
{Heap after GC invocations=43 (full 0):
 garbage-first heap   total 75776K, used 33839K [0x0000000083600000, 0x0000000100000000)
  region size 1024K, 1 young (1024K), 1 survivors (1024K)
 Metaspace       used 74694K, committed 75136K, reserved 1122304K
  class space    used 9600K, committed 9856K, reserved 1048576K
}
Event: 2708.164 GC heap before
{Heap before GC invocations=43 (full 0):
 garbage-first heap   total 75776K, used 65583K [0x0000000083600000, 0x0000000100000000)
  region size 1024K, 32 young (32768K), 1 survivors (1024K)
 Metaspace       used 74695K, committed 75200K, reserved 1122304K
  class space    used 9600K, committed 9856K, reserved 1048576K
}
Event: 2708.166 GC heap after
{Heap after GC invocations=44 (full 0):
 garbage-first heap   total 75776K, used 33826K [0x0000000083600000, 0x0000000100000000)
  region size 1024K, 1 young (1024K), 1 survivors (1024K)
 Metaspace       used 74695K, committed 75200K, reserved 1122304K
  class space    used 9600K, committed 9856K, reserved 1048576K
}
Event: 2711.978 GC heap before
{Heap before GC invocations=44 (full 0):
 garbage-first heap   total 75776K, used 65570K [0x0000000083600000, 0x0000000100000000)
  region size 1024K, 32 young (32768K), 1 survivors (1024K)
 Metaspace       used 74695K, committed 75200K, reserved 1122304K
  class space    used 9600K, committed 9856K, reserved 1048576K
}
Event: 2711.984 GC heap after
{Heap after GC invocations=45 (full 0):
 garbage-first heap   total 75776K, used 33843K [0x0000000083600000, 0x0000000100000000)
  region size 1024K, 1 young (1024K), 1 survivors (1024K)
 Metaspace       used 74695K, committed 75200K, reserved 1122304K
  class space    used 9600K, committed 9856K, reserved 1048576K
}
Event: 2716.483 GC heap before
{Heap before GC invocations=45 (full 0):
 garbage-first heap   total 75776K, used 65587K [0x0000000083600000, 0x0000000100000000)
  region size 1024K, 32 young (32768K), 1 survivors (1024K)
 Metaspace       used 74698K, committed 75200K, reserved 1122304K
  class space    used 9600K, committed 9856K, reserved 1048576K
}
Event: 2716.486 GC heap after
{Heap after GC invocations=46 (full 0):
 garbage-first heap   total 75776K, used 33873K [0x0000000083600000, 0x0000000100000000)
  region size 1024K, 1 young (1024K), 1 survivors (1024K)
 Metaspace       used 74698K, committed 75200K, reserved 1122304K
  class space    used 9600K, committed 9856K, reserved 1048576K
}
Event: 2720.537 GC heap before
{Heap before GC invocations=46 (full 0):
 garbage-first heap   total 75776K, used 65617K [0x0000000083600000, 0x0000000100000000)
  region size 1024K, 32 young (32768K), 1 survivors (1024K)
 Metaspace       used 74699K, committed 75200K, reserved 1122304K
  class space    used 9600K, committed 9856K, reserved 1048576K
}
Event: 2720.540 GC heap after
{Heap after GC invocations=47 (full 0):
 garbage-first heap   total 75776K, used 33880K [0x0000000083600000, 0x0000000100000000)
  region size 1024K, 1 young (1024K), 1 survivors (1024K)
 Metaspace       used 74699K, committed 75200K, reserved 1122304K
  class space    used 9600K, committed 9856K, reserved 1048576K
}
Event: 2724.415 GC heap before
{Heap before GC invocations=47 (full 0):
 garbage-first heap   total 75776K, used 65624K [0x0000000083600000, 0x0000000100000000)
  region size 1024K, 32 young (32768K), 1 survivors (1024K)
 Metaspace       used 74699K, committed 75200K, reserved 1122304K
  class space    used 9600K, committed 9856K, reserved 1048576K
}
Event: 2724.417 GC heap after
{Heap after GC invocations=48 (full 0):
 garbage-first heap   total 75776K, used 33886K [0x0000000083600000, 0x0000000100000000)
  region size 1024K, 1 young (1024K), 1 survivors (1024K)
 Metaspace       used 74699K, committed 75200K, reserved 1122304K
  class space    used 9600K, committed 9856K, reserved 1048576K
}
Event: 2730.398 GC heap before
{Heap before GC invocations=48 (full 0):
 garbage-first heap   total 75776K, used 65630K [0x0000000083600000, 0x0000000100000000)
  region size 1024K, 32 young (32768K), 1 survivors (1024K)
 Metaspace       used 74700K, committed 75200K, reserved 1122304K
  class space    used 9600K, committed 9856K, reserved 1048576K
}
Event: 2730.400 GC heap after
{Heap after GC invocations=49 (full 0):
 garbage-first heap   total 75776K, used 33904K [0x0000000083600000, 0x0000000100000000)
  region size 1024K, 1 young (1024K), 1 survivors (1024K)
 Metaspace       used 74700K, committed 75200K, reserved 1122304K
  class space    used 9600K, committed 9856K, reserved 1048576K
}
Event: 2733.581 GC heap before
{Heap before GC invocations=49 (full 0):
 garbage-first heap   total 75776K, used 65648K [0x0000000083600000, 0x0000000100000000)
  region size 1024K, 32 young (32768K), 1 survivors (1024K)
 Metaspace       used 74700K, committed 75200K, reserved 1122304K
  class space    used 9600K, committed 9856K, reserved 1048576K
}
Event: 2733.582 GC heap after
{Heap after GC invocations=50 (full 0):
 garbage-first heap   total 75776K, used 33910K [0x0000000083600000, 0x0000000100000000)
  region size 1024K, 1 young (1024K), 1 survivors (1024K)
 Metaspace       used 74700K, committed 75200K, reserved 1122304K
  class space    used 9600K, committed 9856K, reserved 1048576K
}

